<?xml version="1.0" encoding="UTF-8"?>
<!-- Generated by org.testng.reporters.JUnitReportReporter -->
<testsuite hostname="lenovo-PC" failures="0" tests="4" name="api.test.UserTest" time="13.861" errors="0" timestamp="2023-08-30T01:11:42 IST" skipped="0">
  <testcase classname="api.test.UserTest" name="testPostUser" time="7.193"/>
  <system-out/>
  <testcase classname="api.test.UserTest" name="testGetUser" time="1.929"/>
  <system-out/>
  <testcase classname="api.test.UserTest" name="testUpdateUser" time="3.150"/>
  <system-out/>
  <testcase classname="api.test.UserTest" name="testDeleteUser" time="1.589"/>
  <system-out/>
</testsuite> <!-- api.test.UserTest -->
