<?xml version="1.0" encoding="UTF-8"?>
<!-- Generated by org.testng.reporters.JUnitReportReporter -->
<testsuite hostname="lenovo-PC" failures="0" tests="8" name="api.test.PostUserDataDriven" time="17.940" errors="0" timestamp="2023-08-29T22:53:55 IST" skipped="0">
  <testcase classname="api.test.PostUserDataDriven" name="testPostUser" time="1.765"/>
  <system-out/>
  <testcase classname="api.test.PostUserDataDriven" name="testPostUser" time="1.580"/>
  <system-out/>
  <testcase classname="api.test.PostUserDataDriven" name="testPostUser" time="6.201"/>
  <system-out/>
  <testcase classname="api.test.PostUserDataDriven" name="testPostUser" time="1.714"/>
  <system-out/>
  <testcase classname="api.test.PostUserDataDriven" name="deleteUserByName" time="1.599"/>
  <system-out/>
  <testcase classname="api.test.PostUserDataDriven" name="deleteUserByName" time="1.909"/>
  <system-out/>
  <testcase classname="api.test.PostUserDataDriven" name="deleteUserByName" time="1.461"/>
  <system-out/>
  <testcase classname="api.test.PostUserDataDriven" name="deleteUserByName" time="1.711"/>
  <system-out/>
</testsuite> <!-- api.test.PostUserDataDriven -->
