<?xml version="1.0" encoding="UTF-8"?>
<!-- Generated by org.testng.reporters.JUnitReportReporter -->
<testsuite hostname="lenovo-PC" failures="0" tests="4" name="api.test.UserTest" time="27.852" errors="0" timestamp="2023-08-31T00:52:46 IST" skipped="0">
  <testcase classname="api.test.UserTest" name="testPostUser" time="9.232"/>
  <system-out/>
  <testcase classname="api.test.UserTest" name="testGetUser" time="4.099"/>
  <system-out/>
  <testcase classname="api.test.UserTest" name="testUpdateUser" time="8.924"/>
  <system-out/>
  <testcase classname="api.test.UserTest" name="testDeleteUser" time="5.597"/>
  <system-out/>
</testsuite> <!-- api.test.UserTest -->
